[0.479s] Invoking command in '/home/qbsb147/colcon_ws/src/my_first_package': PYTHONPATH=/home/qbsb147/colcon_ws/src/build/my_first_package/prefix_override:/home/qbsb147/colcon_ws/src/install/my_first_package/lib/python3.8/site-packages:${PYTHONPATH} /usr/bin/python3 setup.py egg_info --egg-base ../build/my_first_package build --build-base /home/qbsb147/colcon_ws/src/build/my_first_package/build install --record /home/qbsb147/colcon_ws/src/build/my_first_package/install.log --install-scripts $base/lib/my_first_package --single-version-externally-managed
[0.585s] running egg_info
[0.586s] creating ../build/my_first_package/my_first_package.egg-info
[0.586s] writing ../build/my_first_package/my_first_package.egg-info/PKG-INFO
[0.586s] writing dependency_links to ../build/my_first_package/my_first_package.egg-info/dependency_links.txt
[0.586s] writing entry points to ../build/my_first_package/my_first_package.egg-info/entry_points.txt
[0.587s] writing requirements to ../build/my_first_package/my_first_package.egg-info/requires.txt
[0.587s] writing top-level names to ../build/my_first_package/my_first_package.egg-info/top_level.txt
[0.587s] writing manifest file '../build/my_first_package/my_first_package.egg-info/SOURCES.txt'
[0.604s] reading manifest file '../build/my_first_package/my_first_package.egg-info/SOURCES.txt'
[0.605s] writing manifest file '../build/my_first_package/my_first_package.egg-info/SOURCES.txt'
[0.605s] running build
[0.605s] running build_py
[0.605s] creating /home/qbsb147/colcon_ws/src/build/my_first_package/build
[0.605s] creating /home/qbsb147/colcon_ws/src/build/my_first_package/build/lib
[0.605s] creating /home/qbsb147/colcon_ws/src/build/my_first_package/build/lib/my_first_package
[0.605s] copying my_first_package/my_subscription.py -> /home/qbsb147/colcon_ws/src/build/my_first_package/build/lib/my_first_package
[0.606s] copying my_first_package/__init__.py -> /home/qbsb147/colcon_ws/src/build/my_first_package/build/lib/my_first_package
[0.606s] copying my_first_package/my_first_node.py -> /home/qbsb147/colcon_ws/src/build/my_first_package/build/lib/my_first_package
[0.606s] running install
[0.606s] running install_lib
[0.607s] creating /home/qbsb147/colcon_ws/src/install/my_first_package/lib/python3.8/site-packages/my_first_package
[0.607s] copying /home/qbsb147/colcon_ws/src/build/my_first_package/build/lib/my_first_package/my_subscription.py -> /home/qbsb147/colcon_ws/src/install/my_first_package/lib/python3.8/site-packages/my_first_package
[0.608s] copying /home/qbsb147/colcon_ws/src/build/my_first_package/build/lib/my_first_package/__init__.py -> /home/qbsb147/colcon_ws/src/install/my_first_package/lib/python3.8/site-packages/my_first_package
[0.608s] copying /home/qbsb147/colcon_ws/src/build/my_first_package/build/lib/my_first_package/my_first_node.py -> /home/qbsb147/colcon_ws/src/install/my_first_package/lib/python3.8/site-packages/my_first_package
[0.608s] byte-compiling /home/qbsb147/colcon_ws/src/install/my_first_package/lib/python3.8/site-packages/my_first_package/my_subscription.py to my_subscription.cpython-38.pyc
[0.610s] byte-compiling /home/qbsb147/colcon_ws/src/install/my_first_package/lib/python3.8/site-packages/my_first_package/__init__.py to __init__.cpython-38.pyc
[0.610s] byte-compiling /home/qbsb147/colcon_ws/src/install/my_first_package/lib/python3.8/site-packages/my_first_package/my_first_node.py to my_first_node.cpython-38.pyc
[0.610s] running install_data
[0.610s] creating /home/qbsb147/colcon_ws/src/install/my_first_package/share/ament_index
[0.610s] creating /home/qbsb147/colcon_ws/src/install/my_first_package/share/ament_index/resource_index
[0.611s] creating /home/qbsb147/colcon_ws/src/install/my_first_package/share/ament_index/resource_index/packages
[0.611s] copying resource/my_first_package -> /home/qbsb147/colcon_ws/src/install/my_first_package/share/ament_index/resource_index/packages
[0.611s] copying package.xml -> /home/qbsb147/colcon_ws/src/install/my_first_package/share/my_first_package
[0.611s] running install_egg_info
[0.612s] Copying ../build/my_first_package/my_first_package.egg-info to /home/qbsb147/colcon_ws/src/install/my_first_package/lib/python3.8/site-packages/my_first_package-0.0.0-py3.8.egg-info
[0.613s] running install_scripts
[0.622s] Installing my_first_node = my_first_package.my_first_node:mainmy_first_node script to /home/qbsb147/colcon_ws/src/install/my_first_package/lib/my_first_package
[0.622s] writing list of installed files to '/home/qbsb147/colcon_ws/src/build/my_first_package/install.log'
[0.634s] Invoked command in '/home/qbsb147/colcon_ws/src/my_first_package' returned '0': PYTHONPATH=/home/qbsb147/colcon_ws/src/build/my_first_package/prefix_override:/home/qbsb147/colcon_ws/src/install/my_first_package/lib/python3.8/site-packages:${PYTHONPATH} /usr/bin/python3 setup.py egg_info --egg-base ../build/my_first_package build --build-base /home/qbsb147/colcon_ws/src/build/my_first_package/build install --record /home/qbsb147/colcon_ws/src/build/my_first_package/install.log --install-scripts $base/lib/my_first_package --single-version-externally-managed
