[0.991s] DEBUG:colcon:Command line arguments: ['/usr/bin/colcon', 'build', '--packages-select', 'my_first_package_msgs']
[0.991s] DEBUG:colcon:Parsed command line arguments: Namespace(allow_overriding=[], ament_cmake_args=None, base_paths=['.'], build_base='build', catkin_cmake_args=None, catkin_skip_building_tests=False, cmake_args=None, cmake_clean_cache=False, cmake_clean_first=False, cmake_force_configure=False, cmake_target=None, cmake_target_skip_unavailable=False, continue_on_error=False, event_handlers=None, executor='parallel', ignore_user_meta=False, install_base='install', log_base=None, log_level=None, main=<bound method BuildVerb.main of <colcon_core.verb.build.BuildVerb object at 0x7f3e6aa87460>>, merge_install=False, metas=['./colcon.meta'], packages_above=None, packages_above_and_dependencies=None, packages_above_depth=None, packages_end=None, packages_ignore=None, packages_ignore_regex=None, packages_select=['my_first_package_msgs'], packages_select_build_failed=False, packages_select_by_dep=None, packages_select_regex=None, packages_select_test_failures=False, packages_skip=None, packages_skip_build_finished=False, packages_skip_by_dep=None, packages_skip_regex=None, packages_skip_test_passed=False, packages_skip_up_to=None, packages_start=None, packages_up_to=None, packages_up_to_regex=None, parallel_workers=12, paths=None, symlink_install=False, test_result_base=None, verb_extension=<colcon_core.verb.build.BuildVerb object at 0x7f3e6aa87460>, verb_name='build', verb_parser=<colcon_defaults.argument_parser.defaults.DefaultArgumentsDecorator object at 0x7f3e6aee2460>)
[1.052s] Level 1:colcon.colcon_core.package_discovery:discover_packages(colcon_meta) check parameters
[1.052s] Level 1:colcon.colcon_core.package_discovery:discover_packages(recursive) check parameters
[1.052s] Level 1:colcon.colcon_core.package_discovery:discover_packages(ignore) check parameters
[1.052s] Level 1:colcon.colcon_core.package_discovery:discover_packages(path) check parameters
[1.052s] Level 1:colcon.colcon_core.package_discovery:discover_packages(colcon_meta) discover
[1.052s] Level 1:colcon.colcon_core.package_discovery:discover_packages(recursive) discover
[1.052s] INFO:colcon.colcon_core.package_discovery:Crawling recursively for packages in '/home/qbsb147/colcon_ws/src'
[1.052s] Level 1:colcon.colcon_core.package_identification:_identify(.) by extensions ['ignore', 'ignore_ament_install']
[1.052s] Level 1:colcon.colcon_core.package_identification:_identify(.) by extension 'ignore'
[1.052s] Level 1:colcon.colcon_core.package_identification:_identify(.) by extension 'ignore_ament_install'
[1.052s] Level 1:colcon.colcon_core.package_identification:_identify(.) by extensions ['colcon_pkg']
[1.052s] Level 1:colcon.colcon_core.package_identification:_identify(.) by extension 'colcon_pkg'
[1.052s] Level 1:colcon.colcon_core.package_identification:_identify(.) by extensions ['colcon_meta']
[1.052s] Level 1:colcon.colcon_core.package_identification:_identify(.) by extension 'colcon_meta'
[1.052s] Level 1:colcon.colcon_core.package_identification:_identify(.) by extensions ['ros']
[1.052s] Level 1:colcon.colcon_core.package_identification:_identify(.) by extension 'ros'
[1.062s] Level 1:colcon.colcon_core.package_identification:_identify(.) by extensions ['cmake', 'python']
[1.062s] Level 1:colcon.colcon_core.package_identification:_identify(.) by extension 'cmake'
[1.062s] Level 1:colcon.colcon_core.package_identification:_identify(.) by extension 'python'
[1.062s] Level 1:colcon.colcon_core.package_identification:_identify(.) by extensions ['python_setup_py']
[1.062s] Level 1:colcon.colcon_core.package_identification:_identify(.) by extension 'python_setup_py'
[1.062s] Level 1:colcon.colcon_core.package_identification:_identify(build) by extensions ['ignore', 'ignore_ament_install']
[1.062s] Level 1:colcon.colcon_core.package_identification:_identify(build) by extension 'ignore'
[1.062s] Level 1:colcon.colcon_core.package_identification:_identify(build) ignored
[1.063s] Level 1:colcon.colcon_core.package_identification:_identify(install) by extensions ['ignore', 'ignore_ament_install']
[1.063s] Level 1:colcon.colcon_core.package_identification:_identify(install) by extension 'ignore'
[1.063s] Level 1:colcon.colcon_core.package_identification:_identify(install) ignored
[1.063s] Level 1:colcon.colcon_core.package_identification:_identify(log) by extensions ['ignore', 'ignore_ament_install']
[1.063s] Level 1:colcon.colcon_core.package_identification:_identify(log) by extension 'ignore'
[1.063s] Level 1:colcon.colcon_core.package_identification:_identify(log) ignored
[1.063s] Level 1:colcon.colcon_core.package_identification:_identify(my_first_package) by extensions ['ignore', 'ignore_ament_install']
[1.063s] Level 1:colcon.colcon_core.package_identification:_identify(my_first_package) by extension 'ignore'
[1.063s] Level 1:colcon.colcon_core.package_identification:_identify(my_first_package) by extension 'ignore_ament_install'
[1.063s] Level 1:colcon.colcon_core.package_identification:_identify(my_first_package) by extensions ['colcon_pkg']
[1.063s] Level 1:colcon.colcon_core.package_identification:_identify(my_first_package) by extension 'colcon_pkg'
[1.063s] Level 1:colcon.colcon_core.package_identification:_identify(my_first_package) by extensions ['colcon_meta']
[1.063s] Level 1:colcon.colcon_core.package_identification:_identify(my_first_package) by extension 'colcon_meta'
[1.063s] Level 1:colcon.colcon_core.package_identification:_identify(my_first_package) by extensions ['ros']
[1.063s] Level 1:colcon.colcon_core.package_identification:_identify(my_first_package) by extension 'ros'
[1.066s] DEBUG:colcon.colcon_core.package_identification:Package 'my_first_package' with type 'ros.ament_python' and name 'my_first_package'
[1.066s] Level 1:colcon.colcon_core.package_discovery:discover_packages(recursive) using defaults
[1.066s] Level 1:colcon.colcon_core.package_discovery:discover_packages(ignore) discover
[1.066s] Level 1:colcon.colcon_core.package_discovery:discover_packages(ignore) using defaults
[1.066s] Level 1:colcon.colcon_core.package_discovery:discover_packages(path) discover
[1.066s] Level 1:colcon.colcon_core.package_discovery:discover_packages(path) using defaults
[1.088s] WARNING:colcon.colcon_core.package_selection:ignoring unknown package 'my_first_package_msgs' in --packages-select
[1.140s] INFO:colcon.colcon_core.package_selection:Skipping not selected package 'my_first_package' in 'my_first_package'
[1.179s] Level 1:colcon.colcon_core.package_discovery:discover_packages(prefix_path) check parameters
[1.179s] Level 1:colcon.colcon_core.package_discovery:discover_packages(prefix_path) discover
[1.215s] DEBUG:colcon.colcon_installed_package_information.package_discovery:Found 1 installed packages in /home/qbsb147/colcon_ws/install
[1.233s] DEBUG:colcon.colcon_installed_package_information.package_discovery:Found 256 installed packages in /opt/ros/foxy
[1.233s] Level 1:colcon.colcon_core.package_discovery:discover_packages(prefix_path) using defaults
[1.316s] INFO:colcon.colcon_core.executor:Executing jobs using 'parallel' executor
[1.332s] DEBUG:colcon.colcon_parallel_executor.executor.parallel:run_until_complete
[1.332s] DEBUG:colcon.colcon_parallel_executor.executor.parallel:closing loop
[1.332s] DEBUG:colcon.colcon_parallel_executor.executor.parallel:loop closed
[1.332s] DEBUG:colcon.colcon_parallel_executor.executor.parallel:run_until_complete finished with '0'
[1.332s] DEBUG:colcon.colcon_core.event_reactor:joining thread
[1.381s] INFO:colcon.colcon_core.plugin_system:Skipping extension 'colcon_notification.desktop_notification.notify_send': Could not find 'notify-send'
[1.381s] INFO:colcon.colcon_core.plugin_system:Skipping extension 'colcon_notification.desktop_notification.terminal_notifier': Not used on non-Darwin systems
[1.381s] INFO:colcon.colcon_core.plugin_system:Skipping extension 'colcon_notification.desktop_notification.win32': Not used on non-Windows systems
[1.381s] INFO:colcon.colcon_notification.desktop_notification:Sending desktop notification using 'notify2'
[1.382s] DEBUG:colcon.colcon_notification.desktop_notification.notify2:Failed to initialize notify2: org.freedesktop.DBus.Error.ServiceUnknown: The name org.freedesktop.Notifications was not provided by any .service files
[1.382s] DEBUG:colcon.colcon_core.event_reactor:joined thread
[1.402s] INFO:colcon.colcon_core.plugin_system:Skipping extension 'colcon_core.shell.bat': Not used on non-Windows systems
[1.403s] INFO:colcon.colcon_core.shell:Creating prefix script '/home/qbsb147/colcon_ws/src/install/local_setup.ps1'
[1.403s] INFO:colcon.colcon_core.shell:Creating prefix util module '/home/qbsb147/colcon_ws/src/install/_local_setup_util_ps1.py'
[1.404s] INFO:colcon.colcon_core.shell:Creating prefix chain script '/home/qbsb147/colcon_ws/src/install/setup.ps1'
[1.421s] INFO:colcon.colcon_core.shell:Creating prefix script '/home/qbsb147/colcon_ws/src/install/local_setup.sh'
[1.422s] INFO:colcon.colcon_core.shell:Creating prefix util module '/home/qbsb147/colcon_ws/src/install/_local_setup_util_sh.py'
[1.422s] INFO:colcon.colcon_core.shell:Creating prefix chain script '/home/qbsb147/colcon_ws/src/install/setup.sh'
[1.439s] INFO:colcon.colcon_core.shell:Creating prefix script '/home/qbsb147/colcon_ws/src/install/local_setup.bash'
[1.440s] INFO:colcon.colcon_core.shell:Creating prefix chain script '/home/qbsb147/colcon_ws/src/install/setup.bash'
[1.463s] INFO:colcon.colcon_core.shell:Creating prefix script '/home/qbsb147/colcon_ws/src/install/local_setup.zsh'
[1.464s] INFO:colcon.colcon_core.shell:Creating prefix chain script '/home/qbsb147/colcon_ws/src/install/setup.zsh'
